================================================================================
CHAINSAW - LOG DE PROCESSAMENTO DE DOCUMENTO
================================================================================

[SESSAO]
  Inicio: 19/01/2026 15:32:42
  ID: 20260119153242

[AMBIENTE]
  Usuario: csantos
  Computador: NOTEPROCLEG01
  Dominio: CMSBONET
  SO: Windows Windows_NT
  Word: 16.0 (Word 2016/2019/2021/365)

[DOCUMENTO]
  Nome: siscam_requerimento_falta_ambulancias1tm5oy1s.docx
  Caminho: C:\Users\csantos\AppData\Local\Temp
  Tamanho: 6,3 KB
  Paragrafos: 42
  Paginas: 3
  Protecao: Sem protecao
  Idioma: 1046

[CONFIGURACAO]
  Debug: Desativado
  Log: C:\Users\csantos\chainsaw\source\logs\chainsaw_20260119_153242_siscam_requerimento_falta_ambulancias1tm5oy1sx.log
  Backup: C:\Users\csantos\AppData\Local\Temp\.chainsaw\props\backups\

================================================================================



--------------------------------------------------------------------------------
SECAO: VERIFICACOES INICIAIS
--------------------------------------------------------------------------------
15:32:42.934 [00:00,0] INFO  ? ? Iniciando: Validacao de documento
15:32:42.934 [00:00,0] INFO  ? Tipo de propositura identificado: REQUERIMENTO
15:32:42.949 [00:00,0] INFO  ? Ementa ou proposicao nao identificadas para validacao
15:32:42.949 [00:00,0] INFO  ? Verificacao LGPD (estrito): nenhum achado grave
15:32:42.949 [00:00,0] INFO  ? ? Concluido: Validacao de documento | Todas as verificacoes passaram
15:32:42.949 [00:00,0] INFO  ? Verificacoes de seguranca concluidas com sucesso
15:32:43.238 [00:01,0] INFO  ? Backup criado com sucesso: siscam_requerimento_falta_ambulancias1tm5oy1s_backup_2026-01-19_153242.docx
15:32:43.348 [00:01,0] INFO  ? Backup das configuracoes de visualizacao concluido
15:32:43.418 [00:01,0] INFO  ? Backup de propriedades de imagens concluido: 2 imagens catalogadas
15:32:43.445 [00:01,0] INFO  ? Nenhuma lista encontrada no documento
15:32:43.445 [00:01,0] INFO  ? UndoRecord iniciado
15:32:43.445 [00:01,0] INFO  ? === PIPELINE DE FORMATACAO (2 PASSAGENS) ===
15:32:43.445 [00:01,0] INFO  ? Iniciando construcao do cache de paragrafos...
15:32:43.492 [00:01,0] INFO  ? Cache construido: 42 paragrafos em 0,05s
15:32:43.492 [00:01,0] INFO  ? Identificando estrutura do documento...
15:32:43.582 [00:01,0] INFO  ? Data (Plenario) identificada no paragrafo 35
15:32:43.609 [00:01,0] INFO  ? === ESTRUTURA DO DOCUMENTO IDENTIFICADA ===
15:32:43.609 [00:01,0] INFO  ? Titulo: paragrafo 0
15:32:43.609 [00:01,0] INFO  ? Ementa: paragrafo 0
15:32:43.609 [00:01,0] INFO  ? Proposicao: paragrafos 0 a 0
15:32:43.609 [00:01,0] INFO  ? Titulo Justificativa: paragrafo 0
15:32:43.609 [00:01,0] INFO  ? Justificativa: paragrafos 0 a 0
15:32:43.609 [00:01,0] INFO  ? Data: paragrafo 35
15:32:43.609 [00:01,0] INFO  ? Assinatura: paragrafos 0 a 0
15:32:43.609 [00:01,0] INFO  ? Titulo Anexo: paragrafo 0
15:32:43.609 [00:01,0] INFO  ? Anexo: paragrafos 0 a 0
15:32:43.609 [00:01,0] INFO  ? ==========================================
15:32:43.609 [00:01,0] INFO  ? === PASSAGEM 1 DE 2 ===


--------------------------------------------------------------------------------
SECAO: LIMPEZA E FORMATACAO
--------------------------------------------------------------------------------
15:32:43.949 [00:01,0] INFO  ? ? Iniciando: Limpeza de formatacao
15:32:44.805 [00:02,0] INFO  ? Formatacao limpa: 42 paragrafos resetados
15:32:44.805 [00:02,0] INFO  ? ? Concluido: Limpeza de formatacao
15:32:44.805 [00:02,0] INFO  ? ? Iniciando: Normalizacao de quebras
15:32:44.836 [00:02,0] INFO  ? ? Concluido: Normalizacao de quebras
15:32:44.836 [00:02,0] INFO  ? ? Iniciando: Limpeza estrutural
15:32:45.059 [00:03,0] INFO  ? Estrutura limpa: 1 linhas vazias removidas
15:32:45.059 [00:03,0] INFO  ? ? Concluido: Limpeza estrutural
15:32:45.059 [00:03,0] INFO  ? ? Iniciando: Limpeza de prefixo da ementa
15:32:45.066 [00:03,0] INFO  ? ? Concluido: Limpeza de prefixo da ementa
15:32:45.066 [00:03,0] INFO  ? ? Iniciando: Limpeza de sufixo da ementa
15:32:45.066 [00:03,0] INFO  ? ? Concluido: Limpeza de sufixo da ementa
15:32:45.066 [00:03,0] INFO  ? ? Iniciando: Formatacao de titulo
15:32:45.066 [00:03,0] INFO  ? Titulo de proposicao formatado: REQUERIMENTO Nº   $NUMERO$/$ANO$ (centralizado, caixa alta, negrito, sublinhado)
15:32:45.066 [00:03,0] INFO  ? ? Concluido: Formatacao de titulo
15:32:45.066 [00:03,0] INFO  ? ? Iniciando: Aplicacao de fonte padrao
15:32:45.066 [00:03,0] INFO  ? Aplicando fonte padrao (modo otimizado com cache)...
15:32:45.133 [00:03,0] INFO  ? Fonte padrao aplicada: 21 paragrafos em 0,07s
15:32:45.133 [00:03,0] INFO  ? ? Concluido: Aplicacao de fonte padrao | 40 paragrafos
15:32:45.133 [00:03,0] INFO  ? ? Iniciando: Aplicacao de formatacao de paragrafos
15:32:45.535 [00:03,0] INFO  ? Paragrafos formatados: 40 (incluindo 3 com protecao de imagens)
15:32:45.535 [00:03,0] INFO  ? ? Concluido: Aplicacao de formatacao de paragrafos


--------------------------------------------------------------------------------
SECAO: FORMATACOES ESPECIFICAS
--------------------------------------------------------------------------------
15:32:45.543 [00:03,0] INFO  ? ? Iniciando: Formatacao de paragrafos 1 e 2
15:32:45.559 [00:03,0] INFO  ? 2 paragrafo formatado com 2 linhas em branco antes e depois (posicao: 5)
15:32:45.559 [00:03,0] INFO  ? ? Concluido: Formatacao de paragrafos 1 e 2
15:32:45.559 [00:03,0] INFO  ? ? Iniciando: Formatacao de considerandos
15:32:45.648 [00:03,0] INFO  ? Formatacao 'CONSIDERANDO' aplicada: 7 ocorrencia(s)
15:32:45.648 [00:03,0] INFO  ? ? Concluido: Formatacao de considerandos
15:32:45.648 [00:03,0] INFO  ? ? Iniciando: Aplicacao de substituicoes de texto
15:32:45.930 [00:03,0] INFO  ? Substituicoes de texto aplicadas: 4 variante(s) substituida(s)
15:32:47.211 [00:05,0] INFO  ? Substituicao aplicada: ' Setor Competente ' -> ' setor competente ' (500x)
15:32:47.348 [00:05,0] INFO  ? ? Concluido: Aplicacao de substituicoes de texto
15:32:47.348 [00:05,0] INFO  ? ? Iniciando: Remocao de marca d'agua e insercao de carimbo
15:32:47.363 [00:05,0] INFO  ? Marcas d'agua removidas: 3 itens
15:32:47.648 [00:05,0] INFO  ? ? Concluido: Remocao de marca d'agua e insercao de carimbo


--------------------------------------------------------------------------------
SECAO: LIMPEZA FINAL
--------------------------------------------------------------------------------
15:32:47.656 [00:05,0] INFO  ? ? Iniciando: Limpeza de espacos multiplos
15:32:47.723 [00:05,0] INFO  ? Limpeza de espacos concluida: 2 correcoes aplicadas (com protecao CONSIDERANDO)
15:32:47.723 [00:05,0] INFO  ? ? Concluido: Limpeza de espacos multiplos
15:32:47.723 [00:05,0] INFO  ? ? Iniciando: Controle de linhas em branco
15:32:47.812 [00:05,0] INFO  ? Controle de linhas vazias concluido em 2 passada(s): 5 linhas excedentes removidas (maximo 1 sequencial)
15:32:47.812 [00:05,0] INFO  ? ? Concluido: Controle de linhas em branco
15:32:47.812 [00:05,0] INFO  ? ? Iniciando: Substituicao de datas do plenario
15:32:47.918 [00:05,0] INFO  ? Paragrafo de plenario substituido e formatado
15:32:47.922 [00:05,0] INFO  ? ? Concluido: Substituicao de datas do plenario


--------------------------------------------------------------------------------
SECAO: FINALIZACAO
--------------------------------------------------------------------------------
15:32:47.926 [00:05,0] INFO  ? ? Iniciando: Configuracao de visualizacao
15:32:47.926 [00:05,0] INFO  ? Visualizacao configurada: zoom definido para 120%, demais configuracoes preservadas
15:32:47.926 [00:05,0] INFO  ? ? Concluido: Configuracao de visualizacao
15:32:47.926 [00:05,0] INFO  ? ? Iniciando: Insercao de rodape
15:32:47.992 [00:05,0] INFO  ? ? Concluido: Insercao de rodape
15:32:47.992 [00:05,0] INFO  ? ? Iniciando: Ajustes finais de negrito e formatacao
15:32:48.051 [00:06,0] INFO  ? Negrito e alinhamento aplicados a 0 paragrafos especiais
15:32:48.098 [00:06,0] INFO  ? Paragrafo 'Vereador' formatado (sem negrito) com linhas adjacentes centralizadas (posicao: 33)
15:32:48.113 [00:06,0] INFO  ? Formatacao 'Vereador': 1 ocorrencias formatadas
15:32:48.113 [00:06,0] INFO  ? ? Concluido: Ajustes finais de negrito e formatacao
15:32:48.113 [00:06,0] INFO  ? ? Iniciando: Formatacoes especiais (diante do exposto, requeiro)
15:32:48.203 [00:06,0] INFO  ? Formatacao 'Requeiro': 1 palavras formatadas em negrito e caixa alta
15:32:48.219 [00:06,0] INFO  ? ? Concluido: Formatacoes especiais (diante do exposto, requeiro)
15:32:48.219 [00:06,0] INFO  ? ? Iniciando: Remocao de realces e bordas
15:32:48.227 [00:06,0] INFO  ? Realce removido do documento completo
15:32:48.301 [00:06,0] INFO  ? Realces e bordas removidos: 1 realces, 36 paragrafos com bordas
15:32:48.301 [00:06,0] INFO  ? ? Concluido: Remocao de realces e bordas
15:32:48.301 [00:06,0] INFO  ? ? Iniciando: Remocao de paginas vazias no final
15:32:48.328 [00:06,0] INFO  ? Nenhuma pagina vazia no final do documento
15:32:48.328 [00:06,0] INFO  ? ? Concluido: Remocao de paginas vazias no final
15:32:48.328 [00:06,0] INFO  ? ? Iniciando: Aplicacao de formatacao final universal
15:32:48.328 [00:06,0] INFO  ? Aplicando formatacao final universal: Arial 12, espacamento 1.0, 1 linha entre paragrafos...
15:32:48.457 [00:06,0] INFO  ? Formatacao final aplicada: 36 de 36 paragrafos
15:32:48.457 [00:06,0] INFO  ? ? Concluido: Aplicacao de formatacao final universal
15:32:48.457 [00:06,0] INFO  ? ? Iniciando: Adicao de espacamento especial (ementa, justificativa, data)
15:32:48.457 [00:06,0] INFO  ? Adicionando espacamento especial para ementa, justificativa e data...
15:32:48.461 [00:06,0] INFO  ? Espacamento especial aplicado a 1 elementos
15:32:48.461 [00:06,0] INFO  ? ? Concluido: Adicao de espacamento especial (ementa, justificativa, data)
15:32:48.461 [00:06,0] INFO  ? ? Iniciando: Ajuste final de recuos para Vereador (travessoes)
15:32:48.473 [00:06,0] INFO  ? Recuos ajustados para 1 paragrafo(s) de Vereador/Vereadora
15:32:48.473 [00:06,0] INFO  ? ? Concluido: Ajuste final de recuos para Vereador (travessoes)
15:32:48.473 [00:06,0] INFO  ? Formatacao completa aplicada com sucesso
15:32:48.473 [00:06,0] INFO  ? ?? Total de paragrafos: 36
15:32:48.480 [00:06,0] INFO  ? Verificacao de imagens concluida: 0 imagens integras
15:32:48.480 [00:06,0] INFO  ? === PASSAGEM 2 DE 2 ===


--------------------------------------------------------------------------------
SECAO: LIMPEZA E FORMATACAO
--------------------------------------------------------------------------------
15:32:48.555 [00:06,0] INFO  ? ? Iniciando: Limpeza de formatacao
15:32:48.848 [00:06,0] INFO  ? Formatacao limpa: 36 paragrafos resetados
15:32:48.848 [00:06,0] INFO  ? ? Concluido: Limpeza de formatacao
15:32:48.848 [00:06,0] INFO  ? ? Iniciando: Normalizacao de quebras
15:32:48.848 [00:06,0] INFO  ? ? Concluido: Normalizacao de quebras
15:32:48.848 [00:06,0] INFO  ? ? Iniciando: Limpeza estrutural
15:32:48.883 [00:06,0] INFO  ? ? Concluido: Limpeza estrutural
15:32:48.883 [00:06,0] INFO  ? ? Iniciando: Limpeza de prefixo da ementa
15:32:48.883 [00:06,0] INFO  ? ? Concluido: Limpeza de prefixo da ementa
15:32:48.883 [00:06,0] INFO  ? ? Iniciando: Limpeza de sufixo da ementa
15:32:48.883 [00:06,0] INFO  ? ? Concluido: Limpeza de sufixo da ementa
15:32:48.883 [00:06,0] INFO  ? ? Iniciando: Formatacao de titulo
15:32:48.891 [00:06,0] INFO  ? Titulo de proposicao formatado: REQUERIMENTO Nº $NUMERO$/$ANO$ (centralizado, caixa alta, negrito, sublinhado)
15:32:48.891 [00:06,0] INFO  ? ? Concluido: Formatacao de titulo
15:32:48.891 [00:06,0] INFO  ? ? Iniciando: Aplicacao de fonte padrao
15:32:48.891 [00:06,0] INFO  ? Aplicando fonte padrao (modo otimizado com cache)...
15:32:48.930 [00:06,0] WARN  ? Erro: Indice de paragrafo invalido (37)
15:32:48.930 [00:06,0] WARN  ? Erro: Indice de paragrafo invalido (38)
15:32:48.930 [00:06,0] INFO  ? Fonte padrao aplicada: 19 paragrafos em 0,04s
15:32:48.930 [00:06,0] INFO  ? ? Concluido: Aplicacao de fonte padrao | 35 paragrafos
15:32:48.930 [00:06,0] INFO  ? ? Iniciando: Aplicacao de formatacao de paragrafos
15:32:49.219 [00:07,0] INFO  ? Paragrafos formatados: 35 (incluindo 3 com protecao de imagens)
15:32:49.219 [00:07,0] INFO  ? ? Concluido: Aplicacao de formatacao de paragrafos


--------------------------------------------------------------------------------
SECAO: FORMATACOES ESPECIFICAS
--------------------------------------------------------------------------------
15:32:49.227 [00:07,0] INFO  ? ? Iniciando: Formatacao de paragrafos 1 e 2
15:32:49.234 [00:07,0] INFO  ? 2 paragrafo formatado com 2 linhas em branco antes e depois (posicao: 4)
15:32:49.234 [00:07,0] INFO  ? ? Concluido: Formatacao de paragrafos 1 e 2
15:32:49.234 [00:07,0] INFO  ? ? Iniciando: Formatacao de considerandos
15:32:49.320 [00:07,0] INFO  ? Formatacao 'CONSIDERANDO' aplicada: 7 ocorrencia(s)
15:32:49.320 [00:07,0] INFO  ? ? Concluido: Formatacao de considerandos
15:32:49.320 [00:07,0] INFO  ? ? Iniciando: Aplicacao de substituicoes de texto
15:32:49.645 [00:07,0] INFO  ? Substituicoes de texto aplicadas: 4 variante(s) substituida(s)
15:32:50.605 [00:08,0] INFO  ? Substituicao aplicada: ' Setor Competente ' -> ' setor competente ' (500x)
15:32:50.762 [00:08,0] INFO  ? ? Concluido: Aplicacao de substituicoes de texto
15:32:50.762 [00:08,0] INFO  ? ? Iniciando: Remocao de marca d'agua e insercao de carimbo
15:32:51.043 [00:09,0] INFO  ? ? Concluido: Remocao de marca d'agua e insercao de carimbo


--------------------------------------------------------------------------------
SECAO: LIMPEZA FINAL
--------------------------------------------------------------------------------
15:32:51.043 [00:09,0] INFO  ? ? Iniciando: Limpeza de espacos multiplos
15:32:51.086 [00:09,0] INFO  ? Limpeza de espacos concluida: 0 correcoes aplicadas (com protecao CONSIDERANDO)
15:32:51.086 [00:09,0] INFO  ? ? Concluido: Limpeza de espacos multiplos
15:32:51.086 [00:09,0] INFO  ? ? Iniciando: Controle de linhas em branco
15:32:51.137 [00:09,0] INFO  ? Controle de linhas vazias concluido em 2 passada(s): 2 linhas excedentes removidas (maximo 1 sequencial)
15:32:51.137 [00:09,0] INFO  ? ? Concluido: Controle de linhas em branco
15:32:51.137 [00:09,0] INFO  ? ? Iniciando: Substituicao de datas do plenario
15:32:51.191 [00:09,0] INFO  ? Paragrafo de plenario substituido e formatado
15:32:51.199 [00:09,0] INFO  ? ? Concluido: Substituicao de datas do plenario


--------------------------------------------------------------------------------
SECAO: FINALIZACAO
--------------------------------------------------------------------------------
15:32:51.207 [00:09,0] INFO  ? ? Iniciando: Configuracao de visualizacao
15:32:51.211 [00:09,0] INFO  ? Visualizacao configurada: zoom definido para 120%, demais configuracoes preservadas
15:32:51.211 [00:09,0] INFO  ? ? Concluido: Configuracao de visualizacao
15:32:51.211 [00:09,0] INFO  ? ? Iniciando: Insercao de rodape
15:32:51.258 [00:09,0] INFO  ? ? Concluido: Insercao de rodape
15:32:51.258 [00:09,0] INFO  ? ? Iniciando: Ajustes finais de negrito e formatacao
15:32:51.301 [00:09,0] INFO  ? Negrito e alinhamento aplicados a 0 paragrafos especiais
15:32:51.355 [00:09,0] INFO  ? Paragrafo 'Vereador' formatado (sem negrito) com linhas adjacentes centralizadas (posicao: 33)
15:32:51.363 [00:09,0] INFO  ? Formatacao 'Vereador': 1 ocorrencias formatadas
15:32:51.363 [00:09,0] INFO  ? ? Concluido: Ajustes finais de negrito e formatacao
15:32:51.363 [00:09,0] INFO  ? ? Iniciando: Formatacoes especiais (diante do exposto, requeiro)
15:32:51.488 [00:09,0] INFO  ? Formatacao 'Requeiro': 1 palavras formatadas em negrito e caixa alta
15:32:51.504 [00:09,0] INFO  ? ? Concluido: Formatacoes especiais (diante do exposto, requeiro)
15:32:51.504 [00:09,0] INFO  ? ? Iniciando: Remocao de realces e bordas
15:32:51.523 [00:09,0] INFO  ? Realce removido do documento completo
15:32:51.562 [00:09,0] INFO  ? Realces e bordas removidos: 1 realces, 36 paragrafos com bordas
15:32:51.562 [00:09,0] INFO  ? ? Concluido: Remocao de realces e bordas
15:32:51.562 [00:09,0] INFO  ? ? Iniciando: Remocao de paginas vazias no final
15:32:51.582 [00:09,0] INFO  ? Nenhuma pagina vazia no final do documento
15:32:51.582 [00:09,0] INFO  ? ? Concluido: Remocao de paginas vazias no final
15:32:51.582 [00:09,0] INFO  ? ? Iniciando: Aplicacao de formatacao final universal
15:32:51.582 [00:09,0] INFO  ? Aplicando formatacao final universal: Arial 12, espacamento 1.0, 1 linha entre paragrafos...
15:32:51.617 [00:09,0] INFO  ? Formatacao final aplicada: 36 de 36 paragrafos
15:32:51.617 [00:09,0] INFO  ? ? Concluido: Aplicacao de formatacao final universal
15:32:51.617 [00:09,0] INFO  ? ? Iniciando: Adicao de espacamento especial (ementa, justificativa, data)
15:32:51.617 [00:09,0] INFO  ? Adicionando espacamento especial para ementa, justificativa e data...
15:32:51.617 [00:09,0] INFO  ? Espacamento especial aplicado a 1 elementos
15:32:51.617 [00:09,0] INFO  ? ? Concluido: Adicao de espacamento especial (ementa, justificativa, data)
15:32:51.617 [00:09,0] INFO  ? ? Iniciando: Ajuste final de recuos para Vereador (travessoes)
15:32:51.668 [00:09,0] INFO  ? Recuos ajustados para 1 paragrafo(s) de Vereador/Vereadora
15:32:51.668 [00:09,0] INFO  ? ? Concluido: Ajuste final de recuos para Vereador (travessoes)
15:32:51.668 [00:09,0] INFO  ? Formatacao completa aplicada com sucesso
15:32:51.668 [00:09,0] INFO  ? ?? Total de paragrafos: 36
15:32:51.676 [00:09,0] INFO  ? Verificacao de imagens concluida: 0 imagens integras
15:32:51.684 [00:09,0] INFO  ? Removendo linhas em branco extras e aplicando ajustes...
15:32:51.824 [00:09,0] INFO  ? Linhas em branco removidas: 0, substituicoes: 0
15:32:51.840 [00:09,0] INFO  ? Paragrafos iniciados com numero formatados com recuo de lista: 6
15:32:51.898 [00:09,0] INFO  ? Recuos de paragrafos com imagens formatados: 2 paragrafos
15:32:51.930 [00:09,0] INFO  ? Imagem centralizada na linha 6 apos Plenario
15:32:51.930 [00:09,0] INFO  ? Imagens centralizadas apos Plenario: 1
15:32:52.266 [00:10,0] INFO  ? Configuracoes de visualizacao originais restauradas (zoom mantido em 120%)
15:32:52.273 [00:10,0] INFO  ? Documento padronizado com sucesso
15:32:52.273 [00:10,0] INFO  ? UndoRecord finalizado com sucesso
15:32:52.305 [00:10,0] INFO  ? Variaveis de protecao de imagens limpas
15:32:52.305 [00:10,0] INFO  ? Variaveis de configuracoes de visualizacao limpas


================================================================================
RESUMO DA SESSAO
================================================================================

[STATUS]
  Final: CONCLUIDO COM AVISOS ?
  Termino: 19/01/2026 15:32:52
  Duracao: 10,0s

[ESTATISTICAS]
  Total de eventos: 196
  Informacoes: 194 (99,0%)
  Avisos: 2 (1,0%)
  Erros: 0 (0,0%)

[PERFORMANCE]
  Eventos/segundo: 19,6
  Tempo medio/evento: 51,0ms

================================================================================
FIM DO LOG
================================================================================
