================================================================================
CHAINSAW - LOG DE PROCESSAMENTO DE DOCUMENTO
================================================================================

[SESSAO]
  Inicio: 19/01/2026 15:39:56
  ID: 20260119153956

[AMBIENTE]
  Usuario: csantos
  Computador: NOTEPROCLEG01
  Dominio: CMSBONET
  SO: Windows Windows_NT
  Word: 16.0 (Word 2016/2019/2021/365)

[DOCUMENTO]
  Nome: siscam_indicacao_rocagemymssln25.docx
  Caminho: C:\Users\csantos\AppData\Local\Temp
  Tamanho: 1,5 KB
  Paragrafos: 25
  Paginas: 1
  Protecao: Sem protecao
  Idioma: 1046

[CONFIGURACAO]
  Debug: Desativado
  Log: C:\Users\csantos\chainsaw\source\logs\chainsaw_20260119_153956_siscam_indicacao_rocagemymssln25x.log
  Backup: C:\Users\csantos\AppData\Local\Temp\.chainsaw\props\backups\

================================================================================



--------------------------------------------------------------------------------
SECAO: VERIFICACOES INICIAIS
--------------------------------------------------------------------------------
15:39:56.566 [00:00,0] INFO  ? ? Iniciando: Validacao de documento
15:39:56.566 [00:00,0] INFO  ? Tipo de propositura identificado: INDICAÇÃO
15:39:56.586 [00:00,0] INFO  ? Validacao ementa x proposicao: sem inconsistencias detectadas
15:39:56.586 [00:00,0] INFO  ? Verificacao LGPD (estrito): nenhum achado grave
15:39:56.586 [00:00,0] INFO  ? ? Concluido: Validacao de documento | Todas as verificacoes passaram
15:39:56.586 [00:00,0] INFO  ? Verificacoes de seguranca concluidas com sucesso
15:39:56.762 [00:00,0] INFO  ? Backup criado com sucesso: siscam_indicacao_rocagemymssln25_backup_2026-01-19_153956.docx
15:39:56.875 [00:00,0] INFO  ? Backup das configuracoes de visualizacao concluido
15:39:56.898 [00:00,0] INFO  ? Backup de propriedades de imagens concluido: 0 imagens catalogadas
15:39:56.906 [00:00,0] INFO  ? Nenhuma lista encontrada no documento
15:39:56.906 [00:00,0] INFO  ? UndoRecord iniciado
15:39:56.906 [00:00,0] INFO  ? === PIPELINE DE FORMATACAO (2 PASSAGENS) ===
15:39:56.922 [00:00,0] INFO  ? Iniciando construcao do cache de paragrafos...
15:39:56.941 [00:00,0] INFO  ? Cache construido: 25 paragrafos em 0,02s
15:39:56.941 [00:00,0] INFO  ? Identificando estrutura do documento...
15:39:56.961 [00:00,0] INFO  ? Titulo da Justificativa identificado no paragrafo 12
15:39:56.973 [00:00,0] INFO  ? Data (Plenario) identificada no paragrafo 19
15:39:56.988 [00:00,0] INFO  ? === ESTRUTURA DO DOCUMENTO IDENTIFICADA ===
15:39:56.988 [00:00,0] INFO  ? Titulo: paragrafo 0
15:39:56.988 [00:00,0] INFO  ? Ementa: paragrafo 0
15:39:56.988 [00:00,0] INFO  ? Proposicao: paragrafos 0 a 0
15:39:56.988 [00:00,0] INFO  ? Titulo Justificativa: paragrafo 12
15:39:56.988 [00:00,0] INFO  ? Justificativa: paragrafos 13 a 18
15:39:56.988 [00:00,0] INFO  ? Data: paragrafo 19
15:39:56.988 [00:00,0] INFO  ? Assinatura: paragrafos 0 a 0
15:39:56.988 [00:00,0] INFO  ? Titulo Anexo: paragrafo 0
15:39:56.988 [00:00,0] INFO  ? Anexo: paragrafos 0 a 0
15:39:56.988 [00:00,0] INFO  ? ==========================================
15:39:56.988 [00:00,0] INFO  ? === PASSAGEM 1 DE 2 ===


--------------------------------------------------------------------------------
SECAO: LIMPEZA E FORMATACAO
--------------------------------------------------------------------------------
15:39:57.301 [00:01,0] INFO  ? ? Iniciando: Limpeza de formatacao
15:39:57.473 [00:01,0] INFO  ? Formatacao limpa: 25 paragrafos resetados
15:39:57.473 [00:01,0] INFO  ? ? Concluido: Limpeza de formatacao
15:39:57.473 [00:01,0] INFO  ? ? Iniciando: Normalizacao de quebras
15:39:57.488 [00:01,0] INFO  ? ? Concluido: Normalizacao de quebras
15:39:57.488 [00:01,0] INFO  ? ? Iniciando: Limpeza estrutural
15:39:57.547 [00:01,0] INFO  ? ? Concluido: Limpeza estrutural
15:39:57.547 [00:01,0] INFO  ? ? Iniciando: Limpeza de prefixo da ementa
15:39:57.547 [00:01,0] INFO  ? ? Concluido: Limpeza de prefixo da ementa
15:39:57.547 [00:01,0] INFO  ? ? Iniciando: Limpeza de sufixo da ementa
15:39:57.547 [00:01,0] INFO  ? ? Concluido: Limpeza de sufixo da ementa
15:39:57.547 [00:01,0] INFO  ? ? Iniciando: Formatacao de titulo
15:39:57.559 [00:01,0] INFO  ? Primeira linha formatada como titulo: INDICAÇÃO Nº $NUMERO$/$ANO$ (centralizado, caixa alta, negrito, sublinhado)
15:39:57.559 [00:01,0] INFO  ? ? Concluido: Formatacao de titulo
15:39:57.559 [00:01,0] INFO  ? ? Iniciando: Aplicacao de fonte padrao
15:39:57.559 [00:01,0] INFO  ? Aplicando fonte padrao (modo otimizado com cache)...
15:39:57.590 [00:01,0] WARN  ? Erro: Indice de paragrafo invalido (25)
15:39:57.590 [00:01,0] INFO  ? Fonte padrao aplicada: 8 paragrafos em 0,03s
15:39:57.590 [00:01,0] INFO  ? ? Concluido: Aplicacao de fonte padrao | 24 paragrafos
15:39:57.590 [00:01,0] INFO  ? ? Iniciando: Aplicacao de formatacao de paragrafos
15:39:58.012 [00:02,0] INFO  ? ? Concluido: Aplicacao de formatacao de paragrafos


--------------------------------------------------------------------------------
SECAO: FORMATACOES ESPECIFICAS
--------------------------------------------------------------------------------
15:39:58.020 [00:02,0] INFO  ? ? Iniciando: Formatacao de paragrafos 1 e 2
15:39:58.027 [00:02,0] INFO  ? Palavra inicial 'Sugere' substituida por 'Indica' no 2 paragrafo
15:39:58.035 [00:02,0] INFO  ? 2 paragrafo formatado com 2 linhas em branco antes e depois (posicao: 5)
15:39:58.035 [00:02,0] INFO  ? ? Concluido: Formatacao de paragrafos 1 e 2
15:39:58.035 [00:02,0] INFO  ? ? Iniciando: Formatacao de considerandos
15:39:58.043 [00:02,0] INFO  ? ? Concluido: Formatacao de considerandos
15:39:58.043 [00:02,0] INFO  ? ? Iniciando: Aplicacao de substituicoes de texto
15:39:58.262 [00:02,0] INFO  ? Substituicoes de texto: nenhuma ocorrencia encontrada
15:39:58.344 [00:02,0] INFO  ? ? Concluido: Aplicacao de substituicoes de texto
15:39:58.344 [00:02,0] INFO  ? ? Iniciando: Remocao de marca d'agua e insercao de carimbo
15:39:58.781 [00:02,0] INFO  ? ? Concluido: Remocao de marca d'agua e insercao de carimbo


--------------------------------------------------------------------------------
SECAO: LIMPEZA FINAL
--------------------------------------------------------------------------------
15:39:58.785 [00:02,0] INFO  ? ? Iniciando: Limpeza de espacos multiplos
15:39:58.883 [00:02,0] INFO  ? Limpeza de espacos concluida: 1 correcoes aplicadas (com protecao CONSIDERANDO)
15:39:58.883 [00:02,0] INFO  ? ? Concluido: Limpeza de espacos multiplos
15:39:58.883 [00:02,0] INFO  ? ? Iniciando: Controle de linhas em branco
15:39:58.000 [00:02,0] INFO  ? Controle de linhas vazias concluido em 2 passada(s): 7 linhas excedentes removidas (maximo 1 sequencial)
15:39:58.000 [00:02,0] INFO  ? ? Concluido: Controle de linhas em branco
15:39:58.000 [00:02,0] INFO  ? ? Iniciando: Substituicao de datas do plenario
15:39:59.035 [00:03,0] INFO  ? Paragrafo de plenario substituido e formatado
15:39:59.035 [00:03,0] INFO  ? ? Concluido: Substituicao de datas do plenario


--------------------------------------------------------------------------------
SECAO: FINALIZACAO
--------------------------------------------------------------------------------
15:39:59.039 [00:03,0] INFO  ? ? Iniciando: Configuracao de visualizacao
15:39:59.039 [00:03,0] INFO  ? Visualizacao configurada: zoom definido para 120%, demais configuracoes preservadas
15:39:59.039 [00:03,0] INFO  ? ? Concluido: Configuracao de visualizacao
15:39:59.039 [00:03,0] INFO  ? ? Iniciando: Insercao de rodape
15:39:59.098 [00:03,0] INFO  ? ? Concluido: Insercao de rodape
15:39:59.098 [00:03,0] INFO  ? ? Iniciando: Ajustes finais de negrito e formatacao
15:39:59.102 [00:03,0] INFO  ? Negrito e alinhamento aplicados a 1 paragrafos especiais
15:39:59.141 [00:03,0] INFO  ? Paragrafo 'Vereador' formatado (sem negrito) com linhas adjacentes centralizadas (posicao: 16)
15:39:59.141 [00:03,0] INFO  ? Formatacao 'Vereador': 1 ocorrencias formatadas
15:39:59.141 [00:03,0] INFO  ? ? Concluido: Ajustes finais de negrito e formatacao
15:39:59.141 [00:03,0] INFO  ? ? Iniciando: Formatacoes especiais (diante do exposto, requeiro)
15:39:59.156 [00:03,0] INFO  ? ? Concluido: Formatacoes especiais (diante do exposto, requeiro)
15:39:59.156 [00:03,0] INFO  ? ? Iniciando: Remocao de realces e bordas
15:39:59.168 [00:03,0] INFO  ? Realce removido do documento completo
15:39:59.199 [00:03,0] INFO  ? Realces e bordas removidos: 1 realces, 16 paragrafos com bordas
15:39:59.199 [00:03,0] INFO  ? ? Concluido: Remocao de realces e bordas
15:39:59.199 [00:03,0] INFO  ? ? Iniciando: Remocao de paginas vazias no final
15:39:59.227 [00:03,0] INFO  ? Nenhuma pagina vazia no final do documento
15:39:59.227 [00:03,0] INFO  ? ? Concluido: Remocao de paginas vazias no final
15:39:59.227 [00:03,0] INFO  ? ? Iniciando: Aplicacao de formatacao final universal
15:39:59.227 [00:03,0] INFO  ? Aplicando formatacao final universal: Arial 12, espacamento 1.0, 1 linha entre paragrafos...
15:39:59.281 [00:03,0] INFO  ? Formatacao final aplicada: 16 de 16 paragrafos
15:39:59.281 [00:03,0] INFO  ? ? Concluido: Aplicacao de formatacao final universal
15:39:59.281 [00:03,0] INFO  ? ? Iniciando: Adicao de espacamento especial (ementa, justificativa, data)
15:39:59.281 [00:03,0] INFO  ? Adicionando espacamento especial para ementa, justificativa e data...
15:39:59.285 [00:03,0] INFO  ? Espacamento especial aplicado a 1 elementos
15:39:59.285 [00:03,0] INFO  ? ? Concluido: Adicao de espacamento especial (ementa, justificativa, data)
15:39:59.285 [00:03,0] INFO  ? ? Iniciando: Ajuste final de recuos para Vereador (travessoes)
15:39:59.293 [00:03,0] INFO  ? Recuos ajustados para 1 paragrafo(s) de Vereador/Vereadora
15:39:59.293 [00:03,0] INFO  ? ? Concluido: Ajuste final de recuos para Vereador (travessoes)
15:39:59.293 [00:03,0] INFO  ? Formatacao completa aplicada com sucesso
15:39:59.293 [00:03,0] INFO  ? ?? Total de paragrafos: 16
15:39:59.301 [00:03,0] INFO  ? === PASSAGEM 2 DE 2 ===


--------------------------------------------------------------------------------
SECAO: LIMPEZA E FORMATACAO
--------------------------------------------------------------------------------
15:39:59.445 [00:03,0] INFO  ? ? Iniciando: Limpeza de formatacao
15:39:59.516 [00:03,0] INFO  ? Formatacao limpa: 16 paragrafos resetados
15:39:59.516 [00:03,0] INFO  ? ? Concluido: Limpeza de formatacao
15:39:59.516 [00:03,0] INFO  ? ? Iniciando: Normalizacao de quebras
15:39:59.523 [00:03,0] INFO  ? ? Concluido: Normalizacao de quebras
15:39:59.523 [00:03,0] INFO  ? ? Iniciando: Limpeza estrutural
15:39:59.547 [00:03,0] INFO  ? ? Concluido: Limpeza estrutural
15:39:59.547 [00:03,0] INFO  ? ? Iniciando: Limpeza de prefixo da ementa
15:39:59.547 [00:03,0] INFO  ? ? Concluido: Limpeza de prefixo da ementa
15:39:59.547 [00:03,0] INFO  ? ? Iniciando: Limpeza de sufixo da ementa
15:39:59.547 [00:03,0] INFO  ? ? Concluido: Limpeza de sufixo da ementa
15:39:59.547 [00:03,0] INFO  ? ? Iniciando: Formatacao de titulo
15:39:59.551 [00:03,0] INFO  ? Primeira linha formatada como titulo: INDICAÇÃO Nº $NUMERO$/$ANO$ (centralizado, caixa alta, negrito, sublinhado)
15:39:59.551 [00:03,0] INFO  ? ? Concluido: Formatacao de titulo
15:39:59.551 [00:03,0] INFO  ? ? Iniciando: Aplicacao de fonte padrao
15:39:59.551 [00:03,0] INFO  ? Aplicando fonte padrao (modo otimizado com cache)...
15:39:59.566 [00:03,0] WARN  ? Erro: Indice de paragrafo invalido (19)
15:39:59.566 [00:03,0] WARN  ? Erro: Indice de paragrafo invalido (24)
15:39:59.566 [00:03,0] WARN  ? Erro: Indice de paragrafo invalido (25)
15:39:59.566 [00:03,0] INFO  ? Fonte padrao aplicada: 6 paragrafos em 0,02s
15:39:59.566 [00:03,0] INFO  ? ? Concluido: Aplicacao de fonte padrao | 15 paragrafos
15:39:59.566 [00:03,0] INFO  ? ? Iniciando: Aplicacao de formatacao de paragrafos
15:39:59.672 [00:03,0] INFO  ? ? Concluido: Aplicacao de formatacao de paragrafos


--------------------------------------------------------------------------------
SECAO: FORMATACOES ESPECIFICAS
--------------------------------------------------------------------------------
15:39:59.676 [00:03,0] INFO  ? ? Iniciando: Formatacao de paragrafos 1 e 2
15:39:59.691 [00:03,0] INFO  ? 2 paragrafo formatado com 2 linhas em branco antes e depois (posicao: 4)
15:39:59.691 [00:03,0] INFO  ? ? Concluido: Formatacao de paragrafos 1 e 2
15:39:59.691 [00:03,0] INFO  ? ? Iniciando: Formatacao de considerandos
15:39:59.703 [00:03,0] INFO  ? ? Concluido: Formatacao de considerandos
15:39:59.703 [00:03,0] INFO  ? ? Iniciando: Aplicacao de substituicoes de texto
15:39:59.883 [00:03,0] INFO  ? Substituicoes de texto: nenhuma ocorrencia encontrada
15:39:59.898 [00:03,0] INFO  ? Substituicao aplicada: 'para sugerir' -> 'para indicar' no 1 paragrafo apos a ementa (1x)
15:39:59.898 [00:03,0] INFO  ? Substituicao aplicada: abertura Art. 108 normalizada no 1 paragrafo apos a ementa (1x)
15:39:59.922 [00:03,0] INFO  ? ? Concluido: Aplicacao de substituicoes de texto
15:39:59.922 [00:03,0] INFO  ? ? Iniciando: Remocao de marca d'agua e insercao de carimbo
15:40:00.152 [00:04,0] INFO  ? ? Concluido: Remocao de marca d'agua e insercao de carimbo


--------------------------------------------------------------------------------
SECAO: LIMPEZA FINAL
--------------------------------------------------------------------------------
15:40:00.160 [00:04,0] INFO  ? ? Iniciando: Limpeza de espacos multiplos
15:40:00.195 [00:04,0] INFO  ? Limpeza de espacos concluida: 0 correcoes aplicadas (com protecao CONSIDERANDO)
15:40:00.195 [00:04,0] INFO  ? ? Concluido: Limpeza de espacos multiplos
15:40:00.195 [00:04,0] INFO  ? ? Iniciando: Controle de linhas em branco
15:40:00.234 [00:04,0] INFO  ? Controle de linhas vazias concluido em 2 passada(s): 2 linhas excedentes removidas (maximo 1 sequencial)
15:40:00.234 [00:04,0] INFO  ? ? Concluido: Controle de linhas em branco
15:40:00.234 [00:04,0] INFO  ? ? Iniciando: Substituicao de datas do plenario
15:40:00.250 [00:04,0] INFO  ? Paragrafo de plenario substituido e formatado
15:40:00.250 [00:04,0] INFO  ? ? Concluido: Substituicao de datas do plenario


--------------------------------------------------------------------------------
SECAO: FINALIZACAO
--------------------------------------------------------------------------------
15:40:00.258 [00:04,0] INFO  ? ? Iniciando: Configuracao de visualizacao
15:40:00.266 [00:04,0] INFO  ? Visualizacao configurada: zoom definido para 120%, demais configuracoes preservadas
15:40:00.266 [00:04,0] INFO  ? ? Concluido: Configuracao de visualizacao
15:40:00.266 [00:04,0] INFO  ? ? Iniciando: Insercao de rodape
15:40:00.305 [00:04,0] INFO  ? ? Concluido: Insercao de rodape
15:40:00.305 [00:04,0] INFO  ? ? Iniciando: Ajustes finais de negrito e formatacao
15:40:00.312 [00:04,0] INFO  ? Negrito e alinhamento aplicados a 1 paragrafos especiais
15:40:00.359 [00:04,0] INFO  ? Paragrafo 'Vereador' formatado (sem negrito) com linhas adjacentes centralizadas (posicao: 16)
15:40:00.359 [00:04,0] INFO  ? Formatacao 'Vereador': 1 ocorrencias formatadas
15:40:00.359 [00:04,0] INFO  ? ? Concluido: Ajustes finais de negrito e formatacao
15:40:00.359 [00:04,0] INFO  ? ? Iniciando: Formatacoes especiais (diante do exposto, requeiro)
15:40:00.387 [00:04,0] INFO  ? ? Concluido: Formatacoes especiais (diante do exposto, requeiro)
15:40:00.387 [00:04,0] INFO  ? ? Iniciando: Remocao de realces e bordas
15:40:00.402 [00:04,0] INFO  ? Realce removido do documento completo
15:40:00.426 [00:04,0] INFO  ? Realces e bordas removidos: 1 realces, 16 paragrafos com bordas
15:40:00.426 [00:04,0] INFO  ? ? Concluido: Remocao de realces e bordas
15:40:00.426 [00:04,0] INFO  ? ? Iniciando: Remocao de paginas vazias no final
15:40:00.453 [00:04,0] INFO  ? Nenhuma pagina vazia no final do documento
15:40:00.453 [00:04,0] INFO  ? ? Concluido: Remocao de paginas vazias no final
15:40:00.453 [00:04,0] INFO  ? ? Iniciando: Aplicacao de formatacao final universal
15:40:00.453 [00:04,0] INFO  ? Aplicando formatacao final universal: Arial 12, espacamento 1.0, 1 linha entre paragrafos...
15:40:00.492 [00:04,0] INFO  ? Formatacao final aplicada: 16 de 16 paragrafos
15:40:00.492 [00:04,0] INFO  ? ? Concluido: Aplicacao de formatacao final universal
15:40:00.492 [00:04,0] INFO  ? ? Iniciando: Adicao de espacamento especial (ementa, justificativa, data)
15:40:00.492 [00:04,0] INFO  ? Adicionando espacamento especial para ementa, justificativa e data...
15:40:00.492 [00:04,0] INFO  ? Espacamento especial aplicado a 1 elementos
15:40:00.492 [00:04,0] INFO  ? ? Concluido: Adicao de espacamento especial (ementa, justificativa, data)
15:40:00.492 [00:04,0] INFO  ? ? Iniciando: Ajuste final de recuos para Vereador (travessoes)
15:40:00.504 [00:04,0] INFO  ? Recuos ajustados para 1 paragrafo(s) de Vereador/Vereadora
15:40:00.504 [00:04,0] INFO  ? ? Concluido: Ajuste final de recuos para Vereador (travessoes)
15:40:00.504 [00:04,0] INFO  ? Formatacao completa aplicada com sucesso
15:40:00.504 [00:04,0] INFO  ? ?? Total de paragrafos: 16
15:40:00.594 [00:04,0] INFO  ? Removendo linhas em branco extras e aplicando ajustes...
15:40:00.754 [00:04,0] INFO  ? Linhas em branco removidas: 0, substituicoes: 0
15:40:01.230 [00:05,0] INFO  ? Configuracoes de visualizacao originais restauradas (zoom mantido em 120%)
15:40:01.246 [00:05,0] INFO  ? Documento padronizado com sucesso
15:40:01.246 [00:05,0] INFO  ? UndoRecord finalizado com sucesso
15:40:01.281 [00:05,0] INFO  ? Variaveis de protecao de imagens limpas
15:40:01.281 [00:05,0] INFO  ? Variaveis de configuracoes de visualizacao limpas


================================================================================
RESUMO DA SESSAO
================================================================================

[STATUS]
  Final: CONCLUIDO COM AVISOS ?
  Termino: 19/01/2026 15:40:01
  Duracao: 5,0s

[ESTATISTICAS]
  Total de eventos: 186
  Informacoes: 182 (97,8%)
  Avisos: 4 (2,2%)
  Erros: 0 (0,0%)

[PERFORMANCE]
  Eventos/segundo: 37,2
  Tempo medio/evento: 26,9ms

================================================================================
FIM DO LOG
================================================================================
