================================================================================
CHAINSAW - LOG DE PROCESSAMENTO DE DOCUMENTO
================================================================================

[SESSAO]
  Inicio: 19/01/2026 15:37:16
  ID: 20260119153716

[AMBIENTE]
  Usuario: csantos
  Computador: NOTEPROCLEG01
  Dominio: CMSBONET
  SO: Windows Windows_NT
  Word: 16.0 (Word 2016/2019/2021/365)

[DOCUMENTO]
  Nome: siscam_indicacao_rocagem_1by53qigd.docx
  Caminho: C:\Users\csantos\AppData\Local\Temp
  Tamanho: 1,5 KB
  Paragrafos: 25
  Paginas: 1
  Protecao: Sem protecao
  Idioma: 1046

[CONFIGURACAO]
  Debug: Desativado
  Log: C:\Users\csantos\chainsaw\source\logs\chainsaw_20260119_153716_siscam_indicacao_rocagem_1by53qigdx.log
  Backup: C:\Users\csantos\AppData\Local\Temp\.chainsaw\props\backups\

================================================================================



--------------------------------------------------------------------------------
SECAO: VERIFICACOES INICIAIS
--------------------------------------------------------------------------------
15:37:16.625 [00:00,0] INFO  ? ? Iniciando: Validacao de documento
15:37:16.625 [00:00,0] INFO  ? Tipo de propositura identificado: INDICAÇÃO
15:37:16.641 [00:00,0] INFO  ? Validacao ementa x proposicao: sem inconsistencias detectadas
15:37:16.641 [00:00,0] INFO  ? Verificacao LGPD (estrito): nenhum achado grave
15:37:16.641 [00:00,0] INFO  ? ? Concluido: Validacao de documento | Todas as verificacoes passaram
15:37:16.641 [00:00,0] INFO  ? Verificacoes de seguranca concluidas com sucesso
15:37:16.812 [00:00,0] INFO  ? Backup criado com sucesso: siscam_indicacao_rocagem_1by53qigd_backup_2026-01-19_153716.docx
15:37:16.926 [00:00,0] INFO  ? Backup das configuracoes de visualizacao concluido
15:37:16.953 [00:00,0] INFO  ? Backup de propriedades de imagens concluido: 0 imagens catalogadas
15:37:16.965 [00:00,0] INFO  ? Nenhuma lista encontrada no documento
15:37:16.965 [00:00,0] INFO  ? UndoRecord iniciado
15:37:16.965 [00:00,0] INFO  ? === PIPELINE DE FORMATACAO (2 PASSAGENS) ===
15:37:16.973 [00:00,0] INFO  ? Iniciando construcao do cache de paragrafos...
15:37:17.016 [00:01,0] INFO  ? Cache construido: 25 paragrafos em 0,04s
15:37:17.016 [00:01,0] INFO  ? Identificando estrutura do documento...
15:37:17.031 [00:01,0] INFO  ? Titulo da Justificativa identificado no paragrafo 12
15:37:17.047 [00:01,0] INFO  ? Data (Plenario) identificada no paragrafo 19
15:37:17.062 [00:01,0] INFO  ? === ESTRUTURA DO DOCUMENTO IDENTIFICADA ===
15:37:17.062 [00:01,0] INFO  ? Titulo: paragrafo 0
15:37:17.062 [00:01,0] INFO  ? Ementa: paragrafo 0
15:37:17.062 [00:01,0] INFO  ? Proposicao: paragrafos 0 a 0
15:37:17.062 [00:01,0] INFO  ? Titulo Justificativa: paragrafo 12
15:37:17.062 [00:01,0] INFO  ? Justificativa: paragrafos 13 a 18
15:37:17.062 [00:01,0] INFO  ? Data: paragrafo 19
15:37:17.062 [00:01,0] INFO  ? Assinatura: paragrafos 0 a 0
15:37:17.062 [00:01,0] INFO  ? Titulo Anexo: paragrafo 0
15:37:17.062 [00:01,0] INFO  ? Anexo: paragrafos 0 a 0
15:37:17.062 [00:01,0] INFO  ? ==========================================
15:37:17.062 [00:01,0] INFO  ? === PASSAGEM 1 DE 2 ===


--------------------------------------------------------------------------------
SECAO: LIMPEZA E FORMATACAO
--------------------------------------------------------------------------------
15:37:17.379 [00:01,0] INFO  ? ? Iniciando: Limpeza de formatacao
15:37:17.586 [00:01,0] INFO  ? Formatacao limpa: 25 paragrafos resetados
15:37:17.586 [00:01,0] INFO  ? ? Concluido: Limpeza de formatacao
15:37:17.586 [00:01,0] INFO  ? ? Iniciando: Normalizacao de quebras
15:37:17.598 [00:01,0] INFO  ? ? Concluido: Normalizacao de quebras
15:37:17.598 [00:01,0] INFO  ? ? Iniciando: Limpeza estrutural
15:37:17.656 [00:01,0] INFO  ? ? Concluido: Limpeza estrutural
15:37:17.656 [00:01,0] INFO  ? ? Iniciando: Limpeza de prefixo da ementa
15:37:17.660 [00:01,0] INFO  ? ? Concluido: Limpeza de prefixo da ementa
15:37:17.660 [00:01,0] INFO  ? ? Iniciando: Limpeza de sufixo da ementa
15:37:17.660 [00:01,0] INFO  ? ? Concluido: Limpeza de sufixo da ementa
15:37:17.660 [00:01,0] INFO  ? ? Iniciando: Formatacao de titulo
15:37:17.668 [00:01,0] INFO  ? Primeira linha formatada como titulo: INDICAÇÃO Nº $NUMERO$/$ANO$ (centralizado, caixa alta, negrito, sublinhado)
15:37:17.668 [00:01,0] INFO  ? ? Concluido: Formatacao de titulo
15:37:17.668 [00:01,0] INFO  ? ? Iniciando: Aplicacao de fonte padrao
15:37:17.668 [00:01,0] INFO  ? Aplicando fonte padrao (modo otimizado com cache)...
15:37:17.707 [00:01,0] WARN  ? Erro: Indice de paragrafo invalido (25)
15:37:17.707 [00:01,0] INFO  ? Fonte padrao aplicada: 8 paragrafos em 0,04s
15:37:17.707 [00:01,0] INFO  ? ? Concluido: Aplicacao de fonte padrao | 24 paragrafos
15:37:17.707 [00:01,0] INFO  ? ? Iniciando: Aplicacao de formatacao de paragrafos
15:37:18.156 [00:02,0] INFO  ? ? Concluido: Aplicacao de formatacao de paragrafos


--------------------------------------------------------------------------------
SECAO: FORMATACOES ESPECIFICAS
--------------------------------------------------------------------------------
15:37:18.164 [00:02,0] INFO  ? ? Iniciando: Formatacao de paragrafos 1 e 2
15:37:18.184 [00:02,0] INFO  ? Palavra inicial 'Sugere' substituida por 'Indica' no 2 paragrafo
15:37:18.191 [00:02,0] INFO  ? 2 paragrafo formatado com 2 linhas em branco antes e depois (posicao: 5)
15:37:18.191 [00:02,0] INFO  ? ? Concluido: Formatacao de paragrafos 1 e 2
15:37:18.191 [00:02,0] INFO  ? ? Iniciando: Formatacao de considerandos
15:37:18.219 [00:02,0] INFO  ? ? Concluido: Formatacao de considerandos
15:37:18.219 [00:02,0] INFO  ? ? Iniciando: Aplicacao de substituicoes de texto
15:37:18.445 [00:02,0] INFO  ? Substituicoes de texto: nenhuma ocorrencia encontrada
15:37:18.535 [00:02,0] INFO  ? ? Concluido: Aplicacao de substituicoes de texto
15:37:18.535 [00:02,0] INFO  ? ? Iniciando: Remocao de marca d'agua e insercao de carimbo
15:37:18.898 [00:02,0] INFO  ? ? Concluido: Remocao de marca d'agua e insercao de carimbo


--------------------------------------------------------------------------------
SECAO: LIMPEZA FINAL
--------------------------------------------------------------------------------
15:37:18.906 [00:02,0] INFO  ? ? Iniciando: Limpeza de espacos multiplos
15:37:18.992 [00:02,0] INFO  ? Limpeza de espacos concluida: 1 correcoes aplicadas (com protecao CONSIDERANDO)
15:37:18.992 [00:02,0] INFO  ? ? Concluido: Limpeza de espacos multiplos
15:37:18.992 [00:02,0] INFO  ? ? Iniciando: Controle de linhas em branco
15:37:19.105 [00:03,0] INFO  ? Controle de linhas vazias concluido em 2 passada(s): 7 linhas excedentes removidas (maximo 1 sequencial)
15:37:19.105 [00:03,0] INFO  ? ? Concluido: Controle de linhas em branco
15:37:19.105 [00:03,0] INFO  ? ? Iniciando: Substituicao de datas do plenario
15:37:19.141 [00:03,0] INFO  ? Paragrafo de plenario substituido e formatado
15:37:19.141 [00:03,0] INFO  ? ? Concluido: Substituicao de datas do plenario


--------------------------------------------------------------------------------
SECAO: FINALIZACAO
--------------------------------------------------------------------------------
15:37:19.148 [00:03,0] INFO  ? ? Iniciando: Configuracao de visualizacao
15:37:19.156 [00:03,0] INFO  ? Visualizacao configurada: zoom definido para 120%, demais configuracoes preservadas
15:37:19.156 [00:03,0] INFO  ? ? Concluido: Configuracao de visualizacao
15:37:19.156 [00:03,0] INFO  ? ? Iniciando: Insercao de rodape
15:37:19.215 [00:03,0] INFO  ? ? Concluido: Insercao de rodape
15:37:19.215 [00:03,0] INFO  ? ? Iniciando: Ajustes finais de negrito e formatacao
15:37:19.227 [00:03,0] INFO  ? Negrito e alinhamento aplicados a 1 paragrafos especiais
15:37:19.273 [00:03,0] INFO  ? Paragrafo 'Vereador' formatado (sem negrito) com linhas adjacentes centralizadas (posicao: 16)
15:37:19.273 [00:03,0] INFO  ? Formatacao 'Vereador': 1 ocorrencias formatadas
15:37:19.273 [00:03,0] INFO  ? ? Concluido: Ajustes finais de negrito e formatacao
15:37:19.273 [00:03,0] INFO  ? ? Iniciando: Formatacoes especiais (diante do exposto, requeiro)
15:37:19.301 [00:03,0] INFO  ? ? Concluido: Formatacoes especiais (diante do exposto, requeiro)
15:37:19.301 [00:03,0] INFO  ? ? Iniciando: Remocao de realces e bordas
15:37:19.309 [00:03,0] INFO  ? Realce removido do documento completo
15:37:19.336 [00:03,0] INFO  ? Realces e bordas removidos: 1 realces, 16 paragrafos com bordas
15:37:19.336 [00:03,0] INFO  ? ? Concluido: Remocao de realces e bordas
15:37:19.336 [00:03,0] INFO  ? ? Iniciando: Remocao de paginas vazias no final
15:37:19.363 [00:03,0] INFO  ? Nenhuma pagina vazia no final do documento
15:37:19.363 [00:03,0] INFO  ? ? Concluido: Remocao de paginas vazias no final
15:37:19.363 [00:03,0] INFO  ? ? Iniciando: Aplicacao de formatacao final universal
15:37:19.363 [00:03,0] INFO  ? Aplicando formatacao final universal: Arial 12, espacamento 1.0, 1 linha entre paragrafos...
15:37:19.406 [00:03,0] INFO  ? Formatacao final aplicada: 16 de 16 paragrafos
15:37:19.406 [00:03,0] INFO  ? ? Concluido: Aplicacao de formatacao final universal
15:37:19.406 [00:03,0] INFO  ? ? Iniciando: Adicao de espacamento especial (ementa, justificativa, data)
15:37:19.406 [00:03,0] INFO  ? Adicionando espacamento especial para ementa, justificativa e data...
15:37:19.410 [00:03,0] INFO  ? Espacamento especial aplicado a 1 elementos
15:37:19.410 [00:03,0] INFO  ? ? Concluido: Adicao de espacamento especial (ementa, justificativa, data)
15:37:19.410 [00:03,0] INFO  ? ? Iniciando: Ajuste final de recuos para Vereador (travessoes)
15:37:19.418 [00:03,0] INFO  ? Recuos ajustados para 1 paragrafo(s) de Vereador/Vereadora
15:37:19.418 [00:03,0] INFO  ? ? Concluido: Ajuste final de recuos para Vereador (travessoes)
15:37:19.418 [00:03,0] INFO  ? Formatacao completa aplicada com sucesso
15:37:19.418 [00:03,0] INFO  ? ?? Total de paragrafos: 16
15:37:19.465 [00:03,0] INFO  ? === PASSAGEM 2 DE 2 ===


--------------------------------------------------------------------------------
SECAO: LIMPEZA E FORMATACAO
--------------------------------------------------------------------------------
15:37:19.613 [00:03,0] INFO  ? ? Iniciando: Limpeza de formatacao
15:37:19.660 [00:03,0] INFO  ? Formatacao limpa: 16 paragrafos resetados
15:37:19.660 [00:03,0] INFO  ? ? Concluido: Limpeza de formatacao
15:37:19.660 [00:03,0] INFO  ? ? Iniciando: Normalizacao de quebras
15:37:19.672 [00:03,0] INFO  ? ? Concluido: Normalizacao de quebras
15:37:19.672 [00:03,0] INFO  ? ? Iniciando: Limpeza estrutural
15:37:19.691 [00:03,0] INFO  ? ? Concluido: Limpeza estrutural
15:37:19.691 [00:03,0] INFO  ? ? Iniciando: Limpeza de prefixo da ementa
15:37:19.691 [00:03,0] INFO  ? ? Concluido: Limpeza de prefixo da ementa
15:37:19.691 [00:03,0] INFO  ? ? Iniciando: Limpeza de sufixo da ementa
15:37:19.691 [00:03,0] INFO  ? ? Concluido: Limpeza de sufixo da ementa
15:37:19.691 [00:03,0] INFO  ? ? Iniciando: Formatacao de titulo
15:37:19.691 [00:03,0] INFO  ? Primeira linha formatada como titulo: INDICAÇÃO Nº $NUMERO$/$ANO$ (centralizado, caixa alta, negrito, sublinhado)
15:37:19.691 [00:03,0] INFO  ? ? Concluido: Formatacao de titulo
15:37:19.691 [00:03,0] INFO  ? ? Iniciando: Aplicacao de fonte padrao
15:37:19.691 [00:03,0] INFO  ? Aplicando fonte padrao (modo otimizado com cache)...
15:37:19.723 [00:03,0] WARN  ? Erro: Indice de paragrafo invalido (19)
15:37:19.723 [00:03,0] WARN  ? Erro: Indice de paragrafo invalido (24)
15:37:19.723 [00:03,0] WARN  ? Erro: Indice de paragrafo invalido (25)
15:37:19.723 [00:03,0] INFO  ? Fonte padrao aplicada: 6 paragrafos em 0,03s
15:37:19.723 [00:03,0] INFO  ? ? Concluido: Aplicacao de fonte padrao | 15 paragrafos
15:37:19.723 [00:03,0] INFO  ? ? Iniciando: Aplicacao de formatacao de paragrafos
15:37:19.840 [00:03,0] INFO  ? ? Concluido: Aplicacao de formatacao de paragrafos


--------------------------------------------------------------------------------
SECAO: FORMATACOES ESPECIFICAS
--------------------------------------------------------------------------------
15:37:19.848 [00:03,0] INFO  ? ? Iniciando: Formatacao de paragrafos 1 e 2
15:37:19.867 [00:03,0] INFO  ? 2 paragrafo formatado com 2 linhas em branco antes e depois (posicao: 4)
15:37:19.867 [00:03,0] INFO  ? ? Concluido: Formatacao de paragrafos 1 e 2
15:37:19.867 [00:03,0] INFO  ? ? Iniciando: Formatacao de considerandos
15:37:19.871 [00:03,0] INFO  ? ? Concluido: Formatacao de considerandos
15:37:19.871 [00:03,0] INFO  ? ? Iniciando: Aplicacao de substituicoes de texto
15:37:20.082 [00:04,0] INFO  ? Substituicoes de texto: nenhuma ocorrencia encontrada
15:37:20.090 [00:04,0] INFO  ? Substituicao aplicada: 'para sugerir' -> 'para indicar' no 1 paragrafo apos a ementa (1x)
15:37:20.102 [00:04,0] INFO  ? Substituicao aplicada: abertura Art. 108 normalizada no 1 paragrafo apos a ementa (1x)
15:37:20.137 [00:04,0] INFO  ? ? Concluido: Aplicacao de substituicoes de texto
15:37:20.137 [00:04,0] INFO  ? ? Iniciando: Remocao de marca d'agua e insercao de carimbo
15:37:20.414 [00:04,0] INFO  ? ? Concluido: Remocao de marca d'agua e insercao de carimbo


--------------------------------------------------------------------------------
SECAO: LIMPEZA FINAL
--------------------------------------------------------------------------------
15:37:20.422 [00:04,0] INFO  ? ? Iniciando: Limpeza de espacos multiplos
15:37:20.473 [00:04,0] INFO  ? Limpeza de espacos concluida: 0 correcoes aplicadas (com protecao CONSIDERANDO)
15:37:20.473 [00:04,0] INFO  ? ? Concluido: Limpeza de espacos multiplos
15:37:20.473 [00:04,0] INFO  ? ? Iniciando: Controle de linhas em branco
15:37:20.516 [00:04,0] INFO  ? Controle de linhas vazias concluido em 2 passada(s): 2 linhas excedentes removidas (maximo 1 sequencial)
15:37:20.516 [00:04,0] INFO  ? ? Concluido: Controle de linhas em branco
15:37:20.516 [00:04,0] INFO  ? ? Iniciando: Substituicao de datas do plenario
15:37:20.535 [00:04,0] INFO  ? Paragrafo de plenario substituido e formatado
15:37:20.539 [00:04,0] INFO  ? ? Concluido: Substituicao de datas do plenario


--------------------------------------------------------------------------------
SECAO: FINALIZACAO
--------------------------------------------------------------------------------
15:37:20.539 [00:04,0] INFO  ? ? Iniciando: Configuracao de visualizacao
15:37:20.547 [00:04,0] INFO  ? Visualizacao configurada: zoom definido para 120%, demais configuracoes preservadas
15:37:20.547 [00:04,0] INFO  ? ? Concluido: Configuracao de visualizacao
15:37:20.547 [00:04,0] INFO  ? ? Iniciando: Insercao de rodape
15:37:20.570 [00:04,0] INFO  ? ? Concluido: Insercao de rodape
15:37:20.570 [00:04,0] INFO  ? ? Iniciando: Ajustes finais de negrito e formatacao
15:37:20.578 [00:04,0] INFO  ? Negrito e alinhamento aplicados a 1 paragrafos especiais
15:37:20.609 [00:04,0] INFO  ? Paragrafo 'Vereador' formatado (sem negrito) com linhas adjacentes centralizadas (posicao: 16)
15:37:20.609 [00:04,0] INFO  ? Formatacao 'Vereador': 1 ocorrencias formatadas
15:37:20.609 [00:04,0] INFO  ? ? Concluido: Ajustes finais de negrito e formatacao
15:37:20.609 [00:04,0] INFO  ? ? Iniciando: Formatacoes especiais (diante do exposto, requeiro)
15:37:20.613 [00:04,0] INFO  ? ? Concluido: Formatacoes especiais (diante do exposto, requeiro)
15:37:20.613 [00:04,0] INFO  ? ? Iniciando: Remocao de realces e bordas
15:37:20.613 [00:04,0] INFO  ? Realce removido do documento completo
15:37:20.645 [00:04,0] INFO  ? Realces e bordas removidos: 1 realces, 16 paragrafos com bordas
15:37:20.645 [00:04,0] INFO  ? ? Concluido: Remocao de realces e bordas
15:37:20.645 [00:04,0] INFO  ? ? Iniciando: Remocao de paginas vazias no final
15:37:20.660 [00:04,0] INFO  ? Nenhuma pagina vazia no final do documento
15:37:20.660 [00:04,0] INFO  ? ? Concluido: Remocao de paginas vazias no final
15:37:20.660 [00:04,0] INFO  ? ? Iniciando: Aplicacao de formatacao final universal
15:37:20.660 [00:04,0] INFO  ? Aplicando formatacao final universal: Arial 12, espacamento 1.0, 1 linha entre paragrafos...
15:37:20.691 [00:04,0] INFO  ? Formatacao final aplicada: 16 de 16 paragrafos
15:37:20.691 [00:04,0] INFO  ? ? Concluido: Aplicacao de formatacao final universal
15:37:20.691 [00:04,0] INFO  ? ? Iniciando: Adicao de espacamento especial (ementa, justificativa, data)
15:37:20.691 [00:04,0] INFO  ? Adicionando espacamento especial para ementa, justificativa e data...
15:37:20.691 [00:04,0] INFO  ? Espacamento especial aplicado a 1 elementos
15:37:20.691 [00:04,0] INFO  ? ? Concluido: Adicao de espacamento especial (ementa, justificativa, data)
15:37:20.691 [00:04,0] INFO  ? ? Iniciando: Ajuste final de recuos para Vereador (travessoes)
15:37:20.707 [00:04,0] INFO  ? Recuos ajustados para 1 paragrafo(s) de Vereador/Vereadora
15:37:20.707 [00:04,0] INFO  ? ? Concluido: Ajuste final de recuos para Vereador (travessoes)
15:37:20.707 [00:04,0] INFO  ? Formatacao completa aplicada com sucesso
15:37:20.707 [00:04,0] INFO  ? ?? Total de paragrafos: 16
15:37:20.789 [00:04,0] INFO  ? Removendo linhas em branco extras e aplicando ajustes...
15:37:20.945 [00:04,0] INFO  ? Linhas em branco removidas: 0, substituicoes: 0
15:37:21.434 [00:05,0] INFO  ? Configuracoes de visualizacao originais restauradas (zoom mantido em 120%)
15:37:21.469 [00:05,0] INFO  ? Documento padronizado com sucesso
15:37:21.469 [00:05,0] INFO  ? UndoRecord finalizado com sucesso
15:37:21.484 [00:05,0] INFO  ? Variaveis de protecao de imagens limpas
15:37:21.492 [00:05,0] INFO  ? Variaveis de configuracoes de visualizacao limpas


================================================================================
RESUMO DA SESSAO
================================================================================

[STATUS]
  Final: CONCLUIDO COM AVISOS ?
  Termino: 19/01/2026 15:37:21
  Duracao: 5,0s

[ESTATISTICAS]
  Total de eventos: 186
  Informacoes: 182 (97,8%)
  Avisos: 4 (2,2%)
  Erros: 0 (0,0%)

[PERFORMANCE]
  Eventos/segundo: 37,2
  Tempo medio/evento: 26,9ms

================================================================================
FIM DO LOG
================================================================================
